#
# There is insufficient memory for the Java Runtime Environment to continue.
# Native memory allocation (mmap) failed to map 130023424 bytes for G1 virtual space
# Possible reasons:
#   The system is out of physical RAM or swap space
#   The process is running with CompressedOops enabled, and the Java Heap may be blocking the growth of the native heap
# Possible solutions:
#   Reduce memory load on the system
#   Increase physical memory or swap space
#   Check if swap backing store is full
#   Decrease Java heap size (-Xmx/-Xms)
#   Decrease number of Java threads
#   Decrease Java thread stack sizes (-Xss)
#   Set larger code cache with -XX:ReservedCodeCacheSize=
#   JVM is running with Unscaled Compressed Oops mode in which the Java heap is
#     placed in the first 4GB address space. The Java Heap base address is the
#     maximum limit for the native heap growth. Please use -XX:HeapBaseMinAddress
#     to set the Java Heap base and to place the Java Heap above 4GB virtual address.
# This output file may be truncated or incomplete.
#
#  Out of Memory Error (os_windows.cpp:3548), pid=23996, tid=23988
#
# JRE version:  (17.0.10+11) (build )
# Java VM: Java HotSpot(TM) 64-Bit Server VM (17.0.10+11-LTS-240, mixed mode, sharing, tiered, compressed oops, compressed class ptrs, g1 gc, windows-amd64)
# No core dump will be written. Minidumps are not enabled by default on client versions of Windows
#

---------------  S U M M A R Y ------------

Command Line: -Dfile.encoding=UTF-8 --module-path=C:\Users\anany\OneDrive\Documents\NetBeansProjects\bank management system\build\classes bank.management.system.SignupOne

Host: Intel(R) Core(TM) i5-1035G1 CPU @ 1.00GHz, 8 cores, 7G,  Windows 11 , 64 bit Build 22621 (10.0.22621.3374)
Time: Sat Apr 13 13:27:17 2024 India Standard Time elapsed time: 0.011922 seconds (0d 0h 0m 0s)

---------------  T H R E A D  ---------------

Current thread (0x0000018f989eed60):  JavaThread "Unknown thread" [_thread_in_vm, id=23988, stack(0x000000890c900000,0x000000890ca00000)]

Stack: [0x000000890c900000,0x000000890ca00000]
Native frames: (J=compiled Java code, j=interpreted, Vv=VM code, C=native code)
V  [jvm.dll+0x677a5a]
V  [jvm.dll+0x7d8b2d]
V  [jvm.dll+0x7da48e]
V  [jvm.dll+0x7daaf3]
V  [jvm.dll+0x2455ff]
V  [jvm.dll+0x6749b9]
V  [jvm.dll+0x669382]
V  [jvm.dll+0x302e96]
V  [jvm.dll+0x30a416]
V  [jvm.dll+0x359cbe]
V  [jvm.dll+0x359eef]
V  [jvm.dll+0x2d9e88]
V  [jvm.dll+0x2dadf4]
V  [jvm.dll+0x7aa551]
V  [jvm.dll+0x367911]
V  [jvm.dll+0x789639]
V  [jvm.dll+0x3eb30f]
V  [jvm.dll+0x3ecd91]
C  [jli.dll+0x5297]
C  [ucrtbase.dll+0x29333]
C  [KERNEL32.DLL+0x1257d]
C  [ntdll.dll+0x5aa48]


---------------  P R O C E S S  ---------------

Threads class SMR info:
_java_thread_list=0x00007ff8548a6a18, length=0, elements={
}

Java Threads: ( => current thread )

Other Threads:
  0x0000018f98a4a280 GCTaskThread "GC Thread#0" [stack: 0x000000890ca00000,0x000000890cb00000] [id=23720]
  0x0000018f98a5a750 ConcurrentGCThread "G1 Main Marker" [stack: 0x000000890cb00000,0x000000890cc00000] [id=15712]
  0x0000018f98a5b060 ConcurrentGCThread "G1 Conc#0" [stack: 0x000000890cc00000,0x000000890cd00000] [id=24236]

[error occurred during error reporting (printing all threads), id 0xc0000005, EXCEPTION_ACCESS_VIOLATION (0xc0000005) at pc=0x00007ff8540daae7]

VM state: not at safepoint (not fully initialized)

VM Mutex/Monitor currently owned by a thread:  ([mutex/lock_event])
[0x0000018f989eb940] Heap_lock - owner thread: 0x0000018f989eed60

Heap address: 0x0000000084c00000, size: 1972 MB, Compressed Oops mode: 32-bit

CDS archive(s) mapped at: [0x0000000000000000-0x0000000000000000-0x0000000000000000), size 0, SharedBaseAddress: 0x0000000800000000, ArchiveRelocationMode: 1.
Narrow klass base: 0x0000000000000000, Narrow klass shift: 0, Narrow klass range: 0x0

GC Precious Log:
<Empty>

Heap:
 garbage-first heap   total 0K, used 0K [0x0000000084c00000, 0x0000000100000000)
  region size 1024K, 0 young (0K), 0 survivors (0K)

[error occurred during error reporting (printing heap information), id 0xc0000005, EXCEPTION_ACCESS_VIOLATION (0xc0000005) at pc=0x00007ff8544c1249]

GC Heap History (0 events):
No events

Deoptimization events (0 events):
No events

Classes unloaded (0 events):
No events

Classes redefined (0 events):
No events

Internal exceptions (0 events):
No events

VM Operations (0 events):
No events

Events (1 events):
Event: 0.008 Loaded shared library C:\Program Files\Java\jdk-17\bin\java.dll


Dynamic libraries:
0x00007ff67dfd0000 - 0x00007ff67dfe0000 	C:\Program Files\Java\jdk-17\bin\java.exe
0x00007ff90be90000 - 0x00007ff90c0a6000 	C:\WINDOWS\SYSTEM32\ntdll.dll
0x00007ff90adb0000 - 0x00007ff90ae74000 	C:\WINDOWS\System32\KERNEL32.DLL
0x00007ff9097e0000 - 0x00007ff909b87000 	C:\WINDOWS\System32\KERNELBASE.dll
0x00007ff909280000 - 0x00007ff909391000 	C:\WINDOWS\System32\ucrtbase.dll
0x00007ff8f0c00000 - 0x00007ff8f0c1b000 	C:\Program Files\Java\jdk-17\bin\VCRUNTIME140.dll
0x00007ff8f0d20000 - 0x00007ff8f0d39000 	C:\Program Files\Java\jdk-17\bin\jli.dll
0x00007ff90a8c0000 - 0x00007ff90a972000 	C:\WINDOWS\System32\ADVAPI32.dll
0x00007ff90a980000 - 0x00007ff90aa27000 	C:\WINDOWS\System32\msvcrt.dll
0x00007ff90a3d0000 - 0x00007ff90a478000 	C:\WINDOWS\System32\sechost.dll
0x00007ff909b90000 - 0x00007ff909bb8000 	C:\WINDOWS\System32\bcrypt.dll
0x00007ff90ac80000 - 0x00007ff90ad95000 	C:\WINDOWS\System32\RPCRT4.dll
0x00007ff90a660000 - 0x00007ff90a80e000 	C:\WINDOWS\System32\USER32.dll
0x00007ff9091b0000 - 0x00007ff9091d6000 	C:\WINDOWS\System32\win32u.dll
0x00007ff8e2f60000 - 0x00007ff8e31f3000 	C:\WINDOWS\WinSxS\amd64_microsoft.windows.common-controls_6595b64144ccf1df_6.0.22621.3235_none_270f74e173860f98\COMCTL32.dll
0x00007ff90bbd0000 - 0x00007ff90bbf9000 	C:\WINDOWS\System32\GDI32.dll
0x00007ff909490000 - 0x00007ff9095a9000 	C:\WINDOWS\System32\gdi32full.dll
0x00007ff9091e0000 - 0x00007ff90927a000 	C:\WINDOWS\System32\msvcp_win.dll
0x00007ff906960000 - 0x00007ff90696a000 	C:\WINDOWS\SYSTEM32\VERSION.dll
0x00007ff90bb90000 - 0x00007ff90bbc1000 	C:\WINDOWS\System32\IMM32.DLL
0x00007ff8ee3b0000 - 0x00007ff8ee3bc000 	C:\Program Files\Java\jdk-17\bin\vcruntime140_1.dll
0x00007ff871290000 - 0x00007ff87131e000 	C:\Program Files\Java\jdk-17\bin\msvcp140.dll
0x00007ff853df0000 - 0x00007ff8549cf000 	C:\Program Files\Java\jdk-17\bin\server\jvm.dll
0x00007ff90bb00000 - 0x00007ff90bb08000 	C:\WINDOWS\System32\PSAPI.DLL
0x00007ff8ff290000 - 0x00007ff8ff299000 	C:\WINDOWS\SYSTEM32\WSOCK32.dll
0x00007ff901f10000 - 0x00007ff901f44000 	C:\WINDOWS\SYSTEM32\WINMM.dll
0x00007ff90a5e0000 - 0x00007ff90a651000 	C:\WINDOWS\System32\WS2_32.dll
0x00007ff9081f0000 - 0x00007ff908208000 	C:\WINDOWS\SYSTEM32\kernel.appcore.dll
0x00007ff8e4f50000 - 0x00007ff8e4f5a000 	C:\Program Files\Java\jdk-17\bin\jimage.dll
0x00007ff906690000 - 0x00007ff9068c3000 	C:\WINDOWS\SYSTEM32\DBGHELP.DLL
0x00007ff90a040000 - 0x00007ff90a3c8000 	C:\WINDOWS\System32\combase.dll
0x00007ff90b780000 - 0x00007ff90b857000 	C:\WINDOWS\System32\OLEAUT32.dll
0x00007ff900ac0000 - 0x00007ff900af2000 	C:\WINDOWS\SYSTEM32\dbgcore.DLL
0x00007ff909410000 - 0x00007ff909489000 	C:\WINDOWS\System32\bcryptPrimitives.dll
0x00007ff8d24a0000 - 0x00007ff8d24c5000 	C:\Program Files\Java\jdk-17\bin\java.dll

dbghelp: loaded successfully - version: 4.0.5 - missing functions: none
symbol engine: initialized successfully - sym options: 0x614 - pdb path: .;C:\Program Files\Java\jdk-17\bin;C:\WINDOWS\SYSTEM32;C:\WINDOWS\WinSxS\amd64_microsoft.windows.common-controls_6595b64144ccf1df_6.0.22621.3235_none_270f74e173860f98;C:\Program Files\Java\jdk-17\bin\server

VM Arguments:
jvm_args: -Dfile.encoding=UTF-8 --module-path=C:\Users\anany\OneDrive\Documents\NetBeansProjects\bank management system\build\classes 
java_command: bank.management.system.SignupOne
java_class_path (initial): C:\Program Files\Java\jdk-17\lib\src.zip;C:\Users\anany\jcalendar-tz-1.3.3-4.jar;C:\Users\anany\Downloads\mysql-connector-java-8.0.28.jar;C:\Users\anany\OneDrive\Documents\NetBeansProjects\bank management system\build\classes
Launcher Type: SUN_STANDARD

[Global flags]
     intx CICompilerCount                          = 4                                         {product} {ergonomic}
     uint ConcGCThreads                            = 2                                         {product} {ergonomic}
     uint G1ConcRefinementThreads                  = 8                                         {product} {ergonomic}
   size_t G1HeapRegionSize                         = 1048576                                   {product} {ergonomic}
    uintx GCDrainStackTargetSize                   = 64                                        {product} {ergonomic}
   size_t InitialHeapSize                          = 130023424                                 {product} {ergonomic}
   size_t MarkStackSize                            = 4194304                                   {product} {ergonomic}
   size_t MaxHeapSize                              = 2067791872                                {product} {ergonomic}
   size_t MinHeapDeltaBytes                        = 1048576                                   {product} {ergonomic}
   size_t MinHeapSize                              = 8388608                                   {product} {ergonomic}
    uintx NonNMethodCodeHeapSize                   = 5839372                                {pd product} {ergonomic}
    uintx NonProfiledCodeHeapSize                  = 122909434                              {pd product} {ergonomic}
    uintx ProfiledCodeHeapSize                     = 122909434                              {pd product} {ergonomic}
    uintx ReservedCodeCacheSize                    = 251658240                              {pd product} {ergonomic}
     bool SegmentedCodeCache                       = true                                      {product} {ergonomic}
   size_t SoftMaxHeapSize                          = 2067791872                             {manageable} {ergonomic}
     bool UseCompressedClassPointers               = true                           {product lp64_product} {ergonomic}
     bool UseCompressedOops                        = true                           {product lp64_product} {ergonomic}
     bool UseG1GC                                  = true                                      {product} {ergonomic}
     bool UseLargePagesIndividualAllocation        = false                                  {pd product} {ergonomic}

Logging:
Log output configuration:
 #0: stdout all=warning uptime,level,tags
 #1: stderr all=off uptime,level,tags

Environment Variables:
PATH=C:\Program Files\Common Files\Oracle\Java\javapath;C:\WINDOWS\system32;C:\WINDOWS;C:\WINDOWS\System32\Wbem;C:\WINDOWS\System32\WindowsPowerShell\v1.0\;C:\WINDOWS\System32\OpenSSH\;C:\Program Files\Java\jdk-17;C:\Program Files\MySQL\MySQL Shell 8.0\bin\;C:\Users\anany\New folder;C:\Users\anany\New folder\Library\mingw-w64\bin;C:\Users\anany\New folder\Library\usr\bin;C:\Users\anany\New folder\Library\bin;C:\Users\anany\New folder\Scripts;C:\Users\anany\OneDrive\Documents\New folder;C:\Users\anany\OneDrive\Documents\New folder\Library\mingw-w64\bin;C:\Users\anany\OneDrive\Documents\New folder\Library\usr\bin;C:\Users\anany\OneDrive\Documents\New folder\Library\bin;C:\Users\anany\OneDrive\Documents\New folder\Scripts;C:\Users\anany\AppData\Local\Microsoft\WindowsApps;C:\Program Files\JetBrains\PyCharm Community Edition 2022.2.2\bin;;C:\Users\anany\AppData\Local\Programs\Microsoft VS Code\bin
USERNAME=anany
OS=Windows_NT
PROCESSOR_IDENTIFIER=Intel64 Family 6 Model 126 Stepping 5, GenuineIntel



---------------  S Y S T E M  ---------------

OS:
 Windows 11 , 64 bit Build 22621 (10.0.22621.3374)
OS uptime: 1 days 1:44 hours

CPU: total 8 (initial active 8) (4 cores per cpu, 2 threads per core) family 6 model 126 stepping 5 microcode 0xa0, cx8, cmov, fxsr, ht, mmx, 3dnowpref, sse, sse2, sse3, ssse3, sse4.1, sse4.2, popcnt, lzcnt, tsc, tscinvbit, avx, avx2, aes, erms, clmul, bmi1, bmi2, adx, avx512f, avx512dq, avx512cd, avx512bw, avx512vl, sha, fma, vzeroupper, avx512_vpopcntdq, avx512_vpclmulqdq, avx512_vaes, avx512_vnni, clflush, clflushopt, avx512_vbmi2, avx512_vbmi

Memory: 4k page, system-wide physical 7880M (1165M free)
TotalPageFile size 25713M (AvailPageFile size 94M)
current process WorkingSet (physical memory assigned to process): 11M, peak: 11M
current process commit charge ("private bytes"): 60M, peak: 184M

vm_info: Java HotSpot(TM) 64-Bit Server VM (17.0.10+11-LTS-240) for windows-amd64 JRE (17.0.10+11-LTS-240), built on Dec 19 2023 21:47:25 by "mach5one" with MS VC++ 17.1 (VS2022)

END.
